2025-03-01T02:26:53.731Z [[32minfo[39m]: Server is running on port 3000
2025-03-01T02:28:24.727Z [[32minfo[39m]: ::ffff:127.0.0.1 - - [01/Mar/2025:02:28:24 +0000] "GET /api HTTP/1.1" 404 62 "-" "PostmanRuntime/7.43.0"
2025-03-01T02:32:35.014Z [[32minfo[39m]: ::ffff:127.0.0.1 - - [01/Mar/2025:02:32:35 +0000] "GET /api HTTP/1.1" 404 62 "-" "PostmanRuntime/7.43.0"
2025-03-01T02:33:18.131Z [[32minfo[39m]: ::ffff:127.0.0.1 - - [01/Mar/2025:02:33:18 +0000] "GET /api HTTP/1.1" 404 62 "-" "PostmanRuntime/7.43.0"
2025-03-01T02:34:28.876Z [[32minfo[39m]: Server is running on port 3000
2025-03-01T02:34:31.137Z [[32minfo[39m]: ::ffff:127.0.0.1 - - [01/Mar/2025:02:34:31 +0000] "GET /api HTTP/1.1" 404 142 "-" "PostmanRuntime/7.43.0"
2025-03-01T02:34:38.374Z [[32minfo[39m]: Server is running on port 3000
2025-03-01T02:34:49.101Z [[32minfo[39m]: ::ffff:127.0.0.1 - - [01/Mar/2025:02:34:49 +0000] "GET /api/ HTTP/1.1" 404 63 "-" "PostmanRuntime/7.43.0"
2025-03-01T02:35:05.897Z [[32minfo[39m]: Server is running on port 3000
2025-03-01T02:35:07.184Z [[32minfo[39m]: ::ffff:127.0.0.1 - - [01/Mar/2025:02:35:07 +0000] "GET /api HTTP/1.1" 404 62 "-" "PostmanRuntime/7.43.0"
2025-03-01T02:35:12.537Z [[32minfo[39m]: Server is running on port 3000
2025-03-01T02:35:34.559Z [[32minfo[39m]: ::ffff:127.0.0.1 - - [01/Mar/2025:02:35:34 +0000] "GET /health HTTP/1.1" 200 15 "-" "PostmanRuntime/7.43.0"
2025-03-01T02:35:54.692Z [[31merror[39m]: Error: Not implemented yet
2025-03-01T02:35:54.693Z [[32minfo[39m]: ::ffff:127.0.0.1 - - [01/Mar/2025:02:35:54 +0000] "GET /api/users HTTP/1.1" 501 50 "-" "PostmanRuntime/7.43.0"
2025-03-01T02:36:18.498Z [[32minfo[39m]: Server is running on port 3000
2025-03-01T02:36:22.535Z [[31merror[39m]: Error: Not implemented yet
2025-03-01T02:36:22.538Z [[32minfo[39m]: ::ffff:127.0.0.1 - - [01/Mar/2025:02:36:22 +0000] "GET /api/users HTTP/1.1" 501 50 "-" "PostmanRuntime/7.43.0"
2025-03-01T02:36:28.653Z [[32minfo[39m]: Server is running on port 3000
2025-03-01T02:36:44.862Z [[32minfo[39m]: Server is running on port 3000
2025-03-01T02:36:50.434Z [[32minfo[39m]: Server is running on port 3000
2025-03-01T02:38:32.205Z [[32minfo[39m]: Server is running on port 3000
2025-03-01T02:38:46.294Z [[32minfo[39m]: Server is running on port 3000
2025-03-01T02:39:01.174Z [[32minfo[39m]: Server is running on port 3000
2025-03-01T02:41:38.109Z [[32minfo[39m]: Server is running on port 3000
2025-03-01T02:41:39.638Z [[32minfo[39m]: Server is running on port 3000
2025-03-01T02:41:46.395Z [[32minfo[39m]: Server is running on port 3000
2025-03-01T02:42:07.462Z [[32minfo[39m]: Server is running on port 3000
2025-03-01T02:42:11.914Z [[32minfo[39m]: Server is running on port 3000
2025-03-01T02:42:17.481Z [[32minfo[39m]: Server is running on port 3000
2025-03-01T02:42:26.147Z [[32minfo[39m]: Server is running on port 3000
2025-03-01T02:42:32.197Z [[32minfo[39m]: Server is running on port 3000
2025-03-01T02:42:33.378Z [[32minfo[39m]: Server is running on port 3000
2025-03-01T02:43:01.273Z [[32minfo[39m]: Server is running on port 3000
2025-03-01T02:43:05.324Z [[32minfo[39m]: Server is running on port 3000
2025-03-01T02:43:30.860Z [[32minfo[39m]: Server is running on port 3000
2025-03-01T02:43:45.960Z [[32minfo[39m]: Server is running on port 3000
2025-03-01T02:43:57.579Z [[32minfo[39m]: Server is running on port 3000
2025-03-01T02:44:01.541Z [[32minfo[39m]: Server is running on port 3000
2025-03-01T02:44:50.466Z [[32minfo[39m]: Server is running on port 3000
2025-03-01T02:44:52.986Z [[31merror[39m]: Error: Not implemented yet
2025-03-01T02:44:52.990Z [[32minfo[39m]: ::ffff:127.0.0.1 - - [01/Mar/2025:02:44:52 +0000] "GET /api/users HTTP/1.1" 501 50 "-" "PostmanRuntime/7.43.0"
2025-03-01T02:45:19.895Z [[31merror[39m]: Error: Not implemented yet
2025-03-01T02:45:19.896Z [[32minfo[39m]: ::ffff:127.0.0.1 - - [01/Mar/2025:02:45:19 +0000] "GET /api/users HTTP/1.1" 501 50 "-" "PostmanRuntime/7.43.0"
2025-03-01T02:45:55.017Z [[32minfo[39m]: Server is running on port 3000
2025-03-01T02:46:17.239Z [[32minfo[39m]: Server is running on port 3000
2025-03-01T02:46:19.945Z [[32minfo[39m]: Server is running on port 3000
2025-03-01T02:46:32.068Z [[32minfo[39m]: Server is running on port 3000
2025-03-01T02:46:34.617Z [[32minfo[39m]: Server is running on port 3000
2025-03-01T02:46:37.874Z [[32minfo[39m]: Server is running on port 3000
2025-03-01T02:46:49.148Z [[32minfo[39m]: Server is running on port 3000
2025-03-01T02:46:50.831Z [[32minfo[39m]: Server is running on port 3000
2025-03-01T02:46:54.030Z [[32minfo[39m]: ::ffff:127.0.0.1 - - [01/Mar/2025:02:46:54 +0000] "GET /api/users HTTP/1.1" 200 30 "-" "PostmanRuntime/7.43.0"
2025-03-01T02:47:06.113Z [[32minfo[39m]: Server is running on port 3000
2025-03-01T02:47:08.655Z [[32minfo[39m]: ::ffff:127.0.0.1 - - [01/Mar/2025:02:47:08 +0000] "GET /api/users HTTP/1.1" 200 30 "-" "PostmanRuntime/7.43.0"
2025-03-01T02:47:13.008Z [[32minfo[39m]: ::ffff:127.0.0.1 - - [01/Mar/2025:02:47:13 +0000] "GET /api/users HTTP/1.1" 200 30 "-" "PostmanRuntime/7.43.0"
2025-03-01T02:47:26.066Z [[32minfo[39m]: ::ffff:127.0.0.1 - - [01/Mar/2025:02:47:26 +0000] "GET /api/users HTTP/1.1" 200 30 "-" "PostmanRuntime/7.43.0"
2025-03-01T02:47:47.823Z [[32minfo[39m]: Server is running on port 3000
2025-03-01T02:47:57.673Z [[32minfo[39m]: Server is running on port 3000
2025-03-01T02:47:59.426Z [[32minfo[39m]: Server is running on port 3000
2025-03-01T02:48:01.079Z [[32minfo[39m]: Server is running on port 3000
2025-03-01T02:48:07.318Z [[32minfo[39m]: Server is running on port 3000
2025-03-01T02:48:09.321Z [[32minfo[39m]: Server is running on port 3000
2025-03-01T02:48:15.214Z [[32minfo[39m]: ::ffff:127.0.0.1 - - [01/Mar/2025:02:48:15 +0000] "GET /api/users HTTP/1.1" 200 30 "-" "PostmanRuntime/7.43.0"
2025-03-01T02:48:20.991Z [[32minfo[39m]: ::ffff:127.0.0.1 - - [01/Mar/2025:02:48:20 +0000] "GET /api/users HTTP/1.1" 200 30 "-" "PostmanRuntime/7.43.0"
2025-03-01T02:48:40.195Z [[32minfo[39m]: Server is running on port 3000
2025-03-01T02:48:48.034Z [[32minfo[39m]: ::ffff:127.0.0.1 - - [01/Mar/2025:02:48:48 +0000] "GET /api/users HTTP/1.1" 500 33 "-" "PostmanRuntime/7.43.0"
2025-03-01T02:49:01.318Z [[32minfo[39m]: Server is running on port 3000
2025-03-01T02:49:10.366Z [[32minfo[39m]: Server is running on port 3000
2025-03-01T02:49:11.822Z [[32minfo[39m]: Server is running on port 3000
2025-03-01T03:49:38.753Z [[32minfo[39m]: Server is running on port 3000
2025-03-01T03:49:40.024Z [[32minfo[39m]: Server is running on port 3000
2025-03-01T03:49:41.649Z [[32minfo[39m]: Server is running on port 3000
2025-03-01T03:49:48.912Z [[32minfo[39m]: ::ffff:127.0.0.1 - - [01/Mar/2025:03:49:48 +0000] "GET /api/users HTTP/1.1" 200 308 "-" "PostmanRuntime/7.43.0"
2025-03-01T03:52:21.522Z [[32minfo[39m]: Server is running on port 3000
2025-03-01T03:55:50.717Z [[32minfo[39m]: Server is running on port 3000
2025-03-01T03:55:54.447Z [[32minfo[39m]: Server is running on port 3000
2025-03-01T03:56:17.402Z [[32minfo[39m]: Server is running on port 3000
2025-03-01T03:56:23.245Z [[32minfo[39m]: Server is running on port 3000
2025-03-01T03:56:27.879Z [[32minfo[39m]: Server is running on port 3000
2025-03-01T03:56:29.835Z [[32minfo[39m]: Server is running on port 3000
2025-03-01T03:56:32.950Z [[32minfo[39m]: Server is running on port 3000
2025-03-01T03:56:37.454Z [[32minfo[39m]: Server is running on port 3000
2025-03-01T03:56:57.125Z [[32minfo[39m]: Server is running on port 3000
2025-03-01T03:56:58.558Z [[32minfo[39m]: Server is running on port 3000
2025-03-01T03:57:00.121Z [[32minfo[39m]: Server is running on port 3000
2025-03-01T03:57:02.272Z [[32minfo[39m]: Server is running on port 3000
2025-03-01T03:57:06.684Z [[32minfo[39m]: Server is running on port 3000
2025-03-01T03:57:09.685Z [[32minfo[39m]: Server is running on port 3000
2025-03-01T03:57:13.981Z [[32minfo[39m]: Server is running on port 3000
2025-03-01T03:57:16.457Z [[32minfo[39m]: Server is running on port 3000
2025-03-01T03:57:18.279Z [[32minfo[39m]: Server is running on port 3000
2025-03-01T03:57:32.169Z [[32minfo[39m]: Server is running on port 3000
2025-03-01T03:57:37.273Z [[32minfo[39m]: Server is running on port 3000
2025-03-01T03:57:40.838Z [[32minfo[39m]: Server is running on port 3000
2025-03-01T03:57:42.226Z [[32minfo[39m]: Server is running on port 3000
2025-03-01T03:57:47.444Z [[32minfo[39m]: Server is running on port 3000
2025-03-01T03:58:14.382Z [[32minfo[39m]: Server is running on port 3000
2025-03-01T03:58:18.072Z [[32minfo[39m]: Server is running on port 3000
2025-03-01T03:58:24.609Z [[32minfo[39m]: Server is running on port 3000
2025-03-01T03:58:26.255Z [[32minfo[39m]: Server is running on port 3000
2025-03-01T03:58:27.477Z [[32minfo[39m]: Server is running on port 3000
2025-03-01T03:58:35.425Z [[32minfo[39m]: Server is running on port 3000
2025-03-01T03:58:36.710Z [[32minfo[39m]: Server is running on port 3000
2025-03-01T03:58:53.526Z [[32minfo[39m]: Server is running on port 3000
2025-03-01T03:58:57.941Z [[32minfo[39m]: Server is running on port 3000
2025-03-01T03:59:06.227Z [[32minfo[39m]: Server is running on port 3000
2025-03-01T03:59:07.498Z [[32minfo[39m]: Server is running on port 3000
2025-03-01T03:59:11.453Z [[32minfo[39m]: Server is running on port 3000
2025-03-01T03:59:14.421Z [[32minfo[39m]: Server is running on port 3000
2025-03-01T03:59:16.050Z [[32minfo[39m]: Server is running on port 3000
2025-03-01T03:59:21.593Z [[32minfo[39m]: Server is running on port 3000
2025-03-01T03:59:30.489Z [[32minfo[39m]: Server is running on port 3000
2025-03-01T03:59:42.051Z [[32minfo[39m]: Server is running on port 3000
2025-03-01T03:59:54.254Z [[32minfo[39m]: Server is running on port 3000
2025-03-01T04:03:59.796Z [[32minfo[39m]: Server is running on port 3000
2025-03-01T04:04:04.121Z [[32minfo[39m]: ::ffff:127.0.0.1 - - [01/Mar/2025:04:04:04 +0000] "POST /api/users HTTP/1.1" 201 163 "-" "PostmanRuntime/7.43.0"
2025-03-01T04:04:32.342Z [[32minfo[39m]: ::ffff:127.0.0.1 - - [01/Mar/2025:04:04:32 +0000] "PUT /api/users/6 HTTP/1.1" 200 163 "-" "PostmanRuntime/7.43.0"
2025-03-01T05:30:49.798Z [[32minfo[39m]: Server is running on port 3000
2025-03-01T05:30:51.792Z [[31merror[39m]: Error: The "data" argument must be of type string or an instance of Buffer, TypedArray, or DataView. Received undefined
2025-03-01T05:30:51.795Z [[32minfo[39m]: ::ffff:127.0.0.1 - - [01/Mar/2025:05:30:51 +0000] "GET /api/sync HTTP/1.1" 500 52 "-" "PostmanRuntime/7.43.0"
2025-03-01T05:31:34.034Z [[32minfo[39m]: Server is running on port 3000
2025-03-01T05:31:35.893Z [[32minfo[39m]: Server is running on port 3000
2025-03-01T05:31:37.793Z [[32minfo[39m]: Server is running on port 3000
2025-03-01T05:31:40.803Z [[31merror[39m]: Error: The "data" argument must be of type string or an instance of Buffer, TypedArray, or DataView. Received undefined
2025-03-01T05:31:40.807Z [[32minfo[39m]: ::ffff:127.0.0.1 - - [01/Mar/2025:05:31:40 +0000] "GET /api/sync HTTP/1.1" 500 52 "-" "PostmanRuntime/7.43.0"
2025-03-01T05:31:51.419Z [[32minfo[39m]: Server is running on port 3000
2025-03-01T05:31:54.902Z [[32minfo[39m]: Server is running on port 3000
2025-03-01T05:31:57.200Z [[32minfo[39m]: Server is running on port 3000
2025-03-01T05:31:58.737Z [[32minfo[39m]: Server is running on port 3000
2025-03-01T05:32:00.521Z [[32minfo[39m]: Server is running on port 3000
2025-03-01T05:32:05.464Z [[31merror[39m]: Error: The "data" argument must be of type string or an instance of Buffer, TypedArray, or DataView. Received undefined
2025-03-01T05:32:05.467Z [[32minfo[39m]: ::ffff:127.0.0.1 - - [01/Mar/2025:05:32:05 +0000] "GET /api/sync HTTP/1.1" 500 52 "-" "PostmanRuntime/7.43.0"
2025-03-01T05:32:23.624Z [[32minfo[39m]: Server is running on port 3000
2025-03-01T05:32:37.842Z [[32minfo[39m]: Server is running on port 3000
2025-03-01T05:32:39.110Z [[32minfo[39m]: Server is running on port 3000
2025-03-01T05:32:40.467Z [[32minfo[39m]: Server is running on port 3000
2025-03-01T05:32:42.821Z [[32minfo[39m]: Server is running on port 3000
2025-03-01T05:32:46.175Z [[31merror[39m]: Error: The "data" argument must be of type string or an instance of Buffer, TypedArray, or DataView. Received undefined
2025-03-01T05:32:46.178Z [[32minfo[39m]: ::ffff:127.0.0.1 - - [01/Mar/2025:05:32:46 +0000] "GET /api/sync HTTP/1.1" 500 52 "-" "PostmanRuntime/7.43.0"
2025-03-01T05:33:06.525Z [[32minfo[39m]: Server is running on port 3000
2025-03-01T05:34:16.029Z [[31merror[39m]: Error: The "data" argument must be of type string or an instance of Buffer, TypedArray, or DataView. Received undefined
2025-03-01T05:34:16.033Z [[32minfo[39m]: ::ffff:127.0.0.1 - - [01/Mar/2025:05:34:16 +0000] "GET /api/sync HTTP/1.1" 500 52 "-" "PostmanRuntime/7.43.0"
2025-03-01T05:34:41.552Z [[32minfo[39m]: Server is running on port 3000
2025-03-01T05:34:42.820Z [[32minfo[39m]: Server is running on port 3000
2025-03-01T05:34:44.568Z [[32minfo[39m]: Server is running on port 3000
2025-03-01T05:34:47.541Z [[32minfo[39m]: Server is running on port 3000
2025-03-01T05:34:50.116Z [[31merror[39m]: Error: Unknown database 'tb_user'
2025-03-01T05:34:50.120Z [[32minfo[39m]: ::ffff:127.0.0.1 - - [01/Mar/2025:05:34:50 +0000] "GET /api/sync HTTP/1.1" 500 52 "-" "PostmanRuntime/7.43.0"
2025-03-01T05:35:09.467Z [[32minfo[39m]: Server is running on port 3000
2025-03-01T05:35:44.144Z [[31merror[39m]: Error: Unknown database 'tb_user'
2025-03-01T05:35:44.150Z [[32minfo[39m]: ::ffff:127.0.0.1 - - [01/Mar/2025:05:35:44 +0000] "GET /api/sync HTTP/1.1" 500 52 "-" "PostmanRuntime/7.43.0"
2025-03-01T05:36:22.965Z [[31merror[39m]: Error: Unknown database 'tb_user'
2025-03-01T05:36:22.967Z [[32minfo[39m]: ::ffff:127.0.0.1 - - [01/Mar/2025:05:36:22 +0000] "GET /api/sync HTTP/1.1" 500 52 "-" "PostmanRuntime/7.43.0"
2025-03-01T05:36:46.519Z [[32minfo[39m]: Server is running on port 3000
2025-03-01T05:36:50.060Z [[31merror[39m]: Error: Unknown database 'tb_user'
2025-03-01T05:36:50.063Z [[32minfo[39m]: ::ffff:127.0.0.1 - - [01/Mar/2025:05:36:50 +0000] "GET /api/sync HTTP/1.1" 500 52 "-" "PostmanRuntime/7.43.0"
2025-03-01T05:38:11.996Z [[32minfo[39m]: Server is running on port 3000
2025-03-01T05:38:13.460Z [[32minfo[39m]: Server is running on port 3000
2025-03-01T05:38:35.875Z [[32minfo[39m]: ::ffff:127.0.0.1 - - [01/Mar/2025:05:38:35 +0000] "GET /api/sync HTTP/1.1" 200 40 "-" "PostmanRuntime/7.43.0"
2025-03-01T05:41:01.623Z [[32minfo[39m]: Server is running on port 3000
2025-03-01T05:42:32.673Z [[31merror[39m]: Error: 
Invalid `prisma.users.create()` invocation:

{
  data: {
    kode_pegawai: 7,
    password: "a6a0c55424746c3c1df95c8212421673:327df6b1fe80b1ec8683270c741f0d99",
    role: "d"
          ~~~
  }
}

Argument `role`: Invalid value provided. Expected Int or Null, provided String.
2025-03-01T05:42:32.678Z [[32minfo[39m]: ::ffff:127.0.0.1 - - [01/Mar/2025:05:42:32 +0000] "GET /api/sync HTTP/1.1" 500 52 "-" "PostmanRuntime/7.43.0"
2025-03-01T05:53:53.270Z [[31merror[39m]: Error: 
Invalid `prisma.users.create()` invocation:

{
  data: {
    kode_pegawai: 7,
    password: "af3fdaf8b640e9d860b2d2d7cfa0b656:9af636ea690c579388503f75dcb02086",
    role: "d"
          ~~~
  }
}

Argument `role`: Invalid value provided. Expected Int or Null, provided String.
2025-03-01T05:53:53.272Z [[32minfo[39m]: ::ffff:127.0.0.1 - - [01/Mar/2025:05:53:53 +0000] "GET /api/sync HTTP/1.1" 500 52 "-" "PostmanRuntime/7.43.0"
2025-03-01T05:55:28.553Z [[32minfo[39m]: Server is running on port 3000
2025-03-01T05:55:31.528Z [[31merror[39m]: Error: 
Invalid `prisma.users.create()` invocation:

{
  data: {
    kode_pegawai: 7,
    password: "a84f0621fd300c8369610e551be7d71d:ccf73dd9f2f12f94ac81e96abaf556fc",
    role: "d"
          ~~~
  }
}

Argument `role`: Invalid value provided. Expected Int or Null, provided String.
2025-03-01T05:55:31.532Z [[32minfo[39m]: ::ffff:127.0.0.1 - - [01/Mar/2025:05:55:31 +0000] "GET /api/sync HTTP/1.1" 500 52 "-" "PostmanRuntime/7.43.0"
2025-03-01T05:55:57.847Z [[32minfo[39m]: Server is running on port 3000
2025-03-01T05:56:52.103Z [[31merror[39m]: Error: 
Invalid `prisma.users.create()` invocation:

{
  data: {
    kode_pegawai: 7,
    password: "177251d818e26cd4b21338b55e1e94cb:13e4e2ef7d3c07caa4823503f7db14c3",
    role: "d"
          ~~~
  }
}

Argument `role`: Invalid value provided. Expected Int or Null, provided String.
2025-03-01T05:56:52.109Z [[32minfo[39m]: ::ffff:127.0.0.1 - - [01/Mar/2025:05:56:52 +0000] "GET /api/sync HTTP/1.1" 500 52 "-" "PostmanRuntime/7.43.0"
2025-03-01T05:57:58.107Z [[32minfo[39m]: Server is running on port 3000
2025-03-01T05:57:59.401Z [[32minfo[39m]: Server is running on port 3000
2025-03-01T05:58:00.474Z [[32minfo[39m]: Server is running on port 3000
2025-03-01T05:58:04.387Z [[31merror[39m]: Error: 
Invalid `prisma.users.create()` invocation:

{
  data: {
    kode_pegawai: 7,
    password: "6bea32e6d51c3846ab65b5d8ad15d95d:c41c8ff2d7712595c951cb01c797a7d6",
    role: "d"
          ~~~
  }
}

Argument `role`: Invalid value provided. Expected Int or Null, provided String.
2025-03-01T05:58:04.390Z [[32minfo[39m]: ::ffff:127.0.0.1 - - [01/Mar/2025:05:58:04 +0000] "GET /api/sync HTTP/1.1" 500 52 "-" "PostmanRuntime/7.43.0"
2025-03-01T05:58:18.211Z [[31merror[39m]: Error: 
Invalid `prisma.users.create()` invocation:

{
  data: {
    kode_pegawai: 7,
    password: "6e296dc8509e8e12e0cdb1653a00bf15:20d42e175cda15450fb9cdd2d5abe29d",
    role: "d"
          ~~~
  }
}

Argument `role`: Invalid value provided. Expected Int or Null, provided String.
2025-03-01T05:58:18.213Z [[32minfo[39m]: ::ffff:127.0.0.1 - - [01/Mar/2025:05:58:18 +0000] "GET /api/sync HTTP/1.1" 500 52 "-" "PostmanRuntime/7.43.0"
2025-03-01T05:59:43.644Z [[32minfo[39m]: Server is running on port 3000
2025-03-01T05:59:48.418Z [[31merror[39m]: Error: 
Invalid `prisma.users.create()` invocation:

{
  data: {
    kode_pegawai: 7,
    password: "f84ae9af6c276201a9cd38e96deb8ced:5b3ef1105d642c8d0989e0a6e3362278",
    role: "d"
          ~~~
  }
}

Argument `role`: Invalid value provided. Expected Int or Null, provided String.
2025-03-01T05:59:48.422Z [[32minfo[39m]: ::ffff:127.0.0.1 - - [01/Mar/2025:05:59:48 +0000] "GET /api/sync HTTP/1.1" 500 52 "-" "PostmanRuntime/7.43.0"
2025-03-01T05:59:58.708Z [[32minfo[39m]: Server is running on port 3000
2025-03-01T06:00:03.039Z [[31merror[39m]: Error: 
Invalid `prisma.users.create()` invocation:

{
  data: {
    kode_pegawai: 7,
    password: "fccaaa2392a6ec716b66d45a3f596710:aeb5725be5cbd5d7356df0f0d20deba8",
    role: "d"
          ~~~
  }
}

Argument `role`: Invalid value provided. Expected Int or Null, provided String.
2025-03-01T06:00:03.042Z [[32minfo[39m]: ::ffff:127.0.0.1 - - [01/Mar/2025:06:00:03 +0000] "GET /api/sync HTTP/1.1" 500 52 "-" "PostmanRuntime/7.43.0"
2025-03-01T06:06:09.949Z [[31merror[39m]: Error: 
Invalid `prisma.users.create()` invocation:

{
  data: {
    kode_pegawai: 7,
    password: "93363d5ffebcfd5198adf7a452cc37e6:e49ad86e5dfd897668d127a90838f0b7",
    role: "d"
          ~~~
  }
}

Argument `role`: Invalid value provided. Expected Int or Null, provided String.
2025-03-01T06:06:09.951Z [[32minfo[39m]: ::ffff:127.0.0.1 - - [01/Mar/2025:06:06:09 +0000] "GET /api/sync HTTP/1.1" 500 52 "-" "PostmanRuntime/7.43.0"
2025-03-01T06:09:12.923Z [[32minfo[39m]: Server is running on port 3000
2025-03-01T06:10:00.682Z [[32minfo[39m]: ::ffff:127.0.0.1 - - [01/Mar/2025:06:10:00 +0000] "GET /api/sync HTTP/1.1" 200 40 "-" "PostmanRuntime/7.43.0"
